# JRE version: Java(TM) SE Runtime Environment (7.0_80-b15) (build 1.7.0_80-b15)
# Java VM: Java HotSpot(TM) 64-Bit Server VM (24.80-b11 mixed mode windows-amd64 compressed oops)
Heap
 PSYoungGen      total 202240K, used 118956K [0x00000000eaa80000, 0x00000000f8c80000, 0x0000000100000000)
  eden space 191488K, 56% used [0x00000000eaa80000,0x00000000f147ae60,0x00000000f6580000)
  from space 10752K, 97% used [0x00000000f6e00000,0x00000000f78303d0,0x00000000f7880000)
  to   space 19968K, 0% used [0x00000000f7900000,0x00000000f7900000,0x00000000f8c80000)
 ParOldGen       total 81408K, used 51258K [0x00000000c0000000, 0x00000000c4f80000, 0x00000000eaa80000)
  object space 81408K, 62% used [0x00000000c0000000,0x00000000c320e888,0x00000000c4f80000)
 PSPermGen       total 78336K, used 54890K [0x00000000b0000000, 0x00000000b4c80000, 0x00000000c0000000)
  object space 78336K, 70% used [0x00000000b0000000,0x00000000b359a818,0x00000000b4c80000)
GC Heap History (10 events):
Event: 5329.634 GC heap before
{Heap before GC invocations=33 (full 9):
 PSYoungGen      total 230912K, used 320K [0x00000000eaa80000, 0x00000000fa100000, 0x0000000100000000)
  eden space 209408K, 0% used [0x00000000eaa80000,0x00000000eaa80000,0x00000000f7700000)
  from space 21504K, 1% used [0x00000000f8c00000,0x00000000f8c50000,0x00000000fa100000)
  to   space 21504K, 0% used [0x00000000f7700000,0x00000000f7700000,0x00000000f8c00000)
 ParOldGen       total 81408K, used 48971K [0x00000000c0000000, 0x00000000c4f80000, 0x00000000eaa80000)
  object space 81408K, 60% used [0x00000000c0000000,0x00000000c2fd2c70,0x00000000c4f80000)
 PSPermGen       total 84480K, used 54519K [0x00000000b0000000, 0x00000000b5280000, 0x00000000c0000000)
  object space 84480K, 64% used [0x00000000b0000000,0x00000000b353dd88,0x00000000b5280000)
Event: 5330.242 GC heap after
Heap after GC invocations=33 (full 9):
 PSYoungGen      total 230912K, used 0K [0x00000000eaa80000, 0x00000000fa100000, 0x0000000100000000)
  eden space 209408K, 0% used [0x00000000eaa80000,0x00000000eaa80000,0x00000000f7700000)
  from space 21504K, 0% used [0x00000000f8c00000,0x00000000f8c00000,0x00000000fa100000)
  to   space 21504K, 0% used [0x00000000f7700000,0x00000000f7700000,0x00000000f8c00000)
 ParOldGen       total 81408K, used 48363K [0x00000000c0000000, 0x00000000c4f80000, 0x00000000eaa80000)
  object space 81408K, 59% used [0x00000000c0000000,0x00000000c2f3ad20,0x00000000c4f80000)
 PSPermGen       total 81408K, used 54518K [0x00000000b0000000, 0x00000000b4f80000, 0x00000000c0000000)
  object space 81408K, 66% used [0x00000000b0000000,0x00000000b353da28,0x00000000b4f80000)
}
Event: 5748.861 GC heap before
{Heap before GC invocations=34 (full 9):
 PSYoungGen      total 230912K, used 140477K [0x00000000eaa80000, 0x00000000fa100000, 0x0000000100000000)
  eden space 209408K, 67% used [0x00000000eaa80000,0x00000000f33af530,0x00000000f7700000)
  from space 21504K, 0% used [0x00000000f8c00000,0x00000000f8c00000,0x00000000fa100000)
  to   space 21504K, 0% used [0x00000000f7700000,0x00000000f7700000,0x00000000f8c00000)
 ParOldGen       total 81408K, used 48363K [0x00000000c0000000, 0x00000000c4f80000, 0x00000000eaa80000)
  object space 81408K, 59% used [0x00000000c0000000,0x00000000c2f3ad20,0x00000000c4f80000)
 PSPermGen       total 81408K, used 54645K [0x00000000b0000000, 0x00000000b4f80000, 0x00000000c0000000)
  object space 81408K, 67% used [0x00000000b0000000,0x00000000b355d498,0x00000000b4f80000)
Event: 5748.874 GC heap after
Heap after GC invocations=34 (full 9):
 PSYoungGen      total 213504K, used 3983K [0x00000000eaa80000, 0x00000000fa000000, 0x0000000100000000)
  eden space 209408K, 0% used [0x00000000eaa80000,0x00000000eaa80000,0x00000000f7700000)
  from space 4096K, 97% used [0x00000000f7700000,0x00000000f7ae3f38,0x00000000f7b00000)
  to   space 20992K, 0% used [0x00000000f8b80000,0x00000000f8b80000,0x00000000fa000000)
 ParOldGen       total 81408K, used 48363K [0x00000000c0000000, 0x00000000c4f80000, 0x00000000eaa80000)
  object space 81408K, 59% used [0x00000000c0000000,0x00000000c2f3ad20,0x00000000c4f80000)
 PSPermGen       total 81408K, used 54645K [0x00000000b0000000, 0x00000000b4f80000, 0x00000000c0000000)
  object space 81408K, 67% used [0x00000000b0000000,0x00000000b355d498,0x00000000b4f80000)
}
Event: 5748.874 GC heap before
{Heap before GC invocations=35 (full 10):
 PSYoungGen      total 213504K, used 3983K [0x00000000eaa80000, 0x00000000fa000000, 0x0000000100000000)
  eden space 209408K, 0% used [0x00000000eaa80000,0x00000000eaa80000,0x00000000f7700000)
  from space 4096K, 97% used [0x00000000f7700000,0x00000000f7ae3f38,0x00000000f7b00000)
  to   space 20992K, 0% used [0x00000000f8b80000,0x00000000f8b80000,0x00000000fa000000)
 ParOldGen       total 81408K, used 48363K [0x00000000c0000000, 0x00000000c4f80000, 0x00000000eaa80000)
  object space 81408K, 59% used [0x00000000c0000000,0x00000000c2f3ad20,0x00000000c4f80000)
 PSPermGen       total 81408K, used 54645K [0x00000000b0000000, 0x00000000b4f80000, 0x00000000c0000000)
  object space 81408K, 67% used [0x00000000b0000000,0x00000000b355d498,0x00000000b4f80000)
Event: 5749.287 GC heap after
Heap after GC invocations=35 (full 10):
 PSYoungGen      total 213504K, used 0K [0x00000000eaa80000, 0x00000000fa000000, 0x0000000100000000)
  eden space 209408K, 0% used [0x00000000eaa80000,0x00000000eaa80000,0x00000000f7700000)
  from space 4096K, 0% used [0x00000000f7700000,0x00000000f7700000,0x00000000f7b00000)
  to   space 20992K, 0% used [0x00000000f8b80000,0x00000000f8b80000,0x00000000fa000000)
 ParOldGen       total 81408K, used 50830K [0x00000000c0000000, 0x00000000c4f80000, 0x00000000eaa80000)
  object space 81408K, 62% used [0x00000000c0000000,0x00000000c31a3878,0x00000000c4f80000)
 PSPermGen       total 78336K, used 54595K [0x00000000b0000000, 0x00000000b4c80000, 0x00000000c0000000)
  object space 78336K, 69% used [0x00000000b0000000,0x00000000b3550ed8,0x00000000b4c80000)
}
Event: 5800.637 GC heap before
{Heap before GC invocations=36 (full 10):
 PSYoungGen      total 213504K, used 209408K [0x00000000eaa80000, 0x00000000fa000000, 0x0000000100000000)
  eden space 209408K, 100% used [0x00000000eaa80000,0x00000000f7700000,0x00000000f7700000)
  from space 4096K, 0% used [0x00000000f7700000,0x00000000f7700000,0x00000000f7b00000)
  to   space 20992K, 0% used [0x00000000f8b80000,0x00000000f8b80000,0x00000000fa000000)
 ParOldGen       total 81408K, used 50830K [0x00000000c0000000, 0x00000000c4f80000, 0x00000000eaa80000)
  object space 81408K, 62% used [0x00000000c0000000,0x00000000c31a3878,0x00000000c4f80000)
 PSPermGen       total 78336K, used 54818K [0x00000000b0000000, 0x00000000b4c80000, 0x00000000c0000000)
  object space 78336K, 69% used [0x00000000b0000000,0x00000000b3588810,0x00000000b4c80000)
Event: 5800.656 GC heap after
Heap after GC invocations=36 (full 10):
 PSYoungGen      total 209920K, used 5976K [0x00000000eaa80000, 0x00000000f9500000, 0x0000000100000000)
  eden space 200192K, 0% used [0x00000000eaa80000,0x00000000eaa80000,0x00000000f6e00000)
  from space 9728K, 61% used [0x00000000f8b80000,0x00000000f9156158,0x00000000f9500000)
  to   space 19968K, 0% used [0x00000000f6e00000,0x00000000f6e00000,0x00000000f8180000)
 ParOldGen       total 81408K, used 50830K [0x00000000c0000000, 0x00000000c4f80000, 0x00000000eaa80000)
  object space 81408K, 62% used [0x00000000c0000000,0x00000000c31a3878,0x00000000c4f80000)
 PSPermGen       total 78336K, used 54818K [0x00000000b0000000, 0x00000000b4c80000, 0x00000000c0000000)
  object space 78336K, 69% used [0x00000000b0000000,0x00000000b3588810,0x00000000b4c80000)
}
Event: 5851.684 GC heap before
{Heap before GC invocations=37 (full 10):
 PSYoungGen      total 209920K, used 206168K [0x00000000eaa80000, 0x00000000f9500000, 0x0000000100000000)
  eden space 200192K, 100% used [0x00000000eaa80000,0x00000000f6e00000,0x00000000f6e00000)
  from space 9728K, 61% used [0x00000000f8b80000,0x00000000f9156158,0x00000000f9500000)
  to   space 19968K, 0% used [0x00000000f6e00000,0x00000000f6e00000,0x00000000f8180000)
 ParOldGen       total 81408K, used 50830K [0x00000000c0000000, 0x00000000c4f80000, 0x00000000eaa80000)
  object space 81408K, 62% used [0x00000000c0000000,0x00000000c31a3878,0x00000000c4f80000)
 PSPermGen       total 78336K, used 54881K [0x00000000b0000000, 0x00000000b4c80000, 0x00000000c0000000)
  object space 78336K, 70% used [0x00000000b0000000,0x00000000b35987f8,0x00000000b4c80000)
Event: 5851.719 GC heap after
Heap after GC invocations=37 (full 10):
 PSYoungGen      total 202240K, used 10432K [0x00000000eaa80000, 0x00000000f8c80000, 0x0000000100000000)
  eden space 191488K, 0% used [0x00000000eaa80000,0x00000000eaa80000,0x00000000f6580000)
  from space 10752K, 97% used [0x00000000f6e00000,0x00000000f78303d0,0x00000000f7880000)
  to   space 19968K, 0% used [0x00000000f7900000,0x00000000f7900000,0x00000000f8c80000)
 ParOldGen       total 81408K, used 51258K [0x00000000c0000000, 0x00000000c4f80000, 0x00000000eaa80000)
  object space 81408K, 62% used [0x00000000c0000000,0x00000000c320e888,0x00000000c4f80000)
 PSPermGen       total 78336K, used 54881K [0x00000000b0000000, 0x00000000b4c80000, 0x00000000c0000000)
  object space 78336K, 70% used [0x00000000b0000000,0x00000000b35987f8,0x00000000b4c80000)
}

